<?xml version="1.0" encoding="UTF-8"?>
<!-- Generated by org.testng.reporters.JUnitReportReporter -->
<testsuite hostname="DESKTOP-RE3DM9I" failures="0" tests="2" name="testcases.ShareDoctorProfile" time="316.591" errors="0" timestamp="2021-04-13T15:13:31 IST" skipped="1">
  <testcase classname="testcases.ShareDoctorProfile" name="ShareDoctorProfileInClinicTest" time="316.591"/>
  <system-out/>
  <testcase classname="testcases.ShareDoctorProfile" name="ShareDoctorProfileTest">
    <skipped/>
  </testcase> <!-- ShareDoctorProfileTest -->
  <system-out/>
</testsuite> <!-- testcases.ShareDoctorProfile -->
