<?xml version="1.0" encoding="UTF-8"?>
<!-- Generated by org.testng.reporters.JUnitReportReporter -->
<testsuite hostname="DESKTOP-RE3DM9I" failures="0" tests="2" name="testcases.BookAnAppointment" time="490.742" errors="0" timestamp="2021-03-24T09:45:38 IST" skipped="0">
  <testcase classname="testcases.BookAnAppointment" name="BookInClinicAppointment" time="221.331"/>
  <system-out/>
  <testcase classname="testcases.BookAnAppointment" name="BookVideoConsultation" time="269.411"/>
  <system-out/>
</testsuite> <!-- testcases.BookAnAppointment -->
