<?xml version="1.0" encoding="UTF-8"?>
<!-- Generated by org.testng.reporters.JUnitReportReporter -->
<testsuite hostname="DESKTOP-RE3DM9I" failures="0" tests="2" name="testcases.Records" time="525.340" errors="0" timestamp="2021-05-13T16:51:25 IST" skipped="0">
  <testcase classname="testcases.Records" name="AddPrescription" time="279.708"/>
  <system-out/>
  <testcase classname="testcases.Records" name="AddLabReport" time="245.632"/>
  <system-out/>
</testsuite> <!-- testcases.Records -->
