<?xml version="1.0" encoding="UTF-8"?>
<!-- Generated by org.testng.reporters.JUnitReportReporter -->
<testsuite hostname="DESKTOP-RE3DM9I" failures="0" tests="1" name="testcases.JoinVideoConsultation" time="214.258" errors="0" timestamp="2021-04-12T16:44:11 IST" skipped="0">
  <testcase classname="testcases.JoinVideoConsultation" name="JoinVideoConsultationTest" time="214.258"/>
  <system-out/>
</testsuite> <!-- testcases.JoinVideoConsultation -->
