<?xml version="1.0" encoding="UTF-8"?>
<!-- Generated by org.testng.reporters.JUnitReportReporter -->
<testsuite hostname="DESKTOP-RE3DM9I" failures="0" tests="1" name="testcases.NetworkStatus" time="111.931" errors="0" timestamp="2021-04-12T17:55:40 IST" skipped="0">
  <testcase classname="testcases.NetworkStatus" name="NetworkStatusTest" time="111.931"/>
  <system-out/>
</testsuite> <!-- testcases.NetworkStatus -->
