<?xml version="1.0" encoding="UTF-8"?>
<!-- Generated by org.testng.reporters.JUnitReportReporter -->
<testsuite hostname="DESKTOP-RE3DM9I" failures="0" tests="4" name="testcases.CancelAndRescheduleAppointment" time="523.883" errors="0" timestamp="2021-03-24T10:22:06 IST" skipped="2">
  <testcase classname="testcases.CancelAndRescheduleAppointment" name="CancelVideoConsultation" time="257.925"/>
  <system-out/>
  <testcase classname="testcases.CancelAndRescheduleAppointment" name="RescheduleVideoConsultation" time="265.958"/>
  <system-out/>
  <testcase classname="testcases.CancelAndRescheduleAppointment" name="CancelInClinicAppointment">
    <skipped/>
  </testcase> <!-- CancelInClinicAppointment -->
  <system-out/>
  <testcase classname="testcases.CancelAndRescheduleAppointment" name="RescheduleInClinicAppointment">
    <skipped/>
  </testcase> <!-- RescheduleInClinicAppointment -->
  <system-out/>
</testsuite> <!-- testcases.CancelAndRescheduleAppointment -->
