<?xml version="1.0" encoding="UTF-8"?>
<!-- Generated by org.testng.reporters.JUnitReportReporter -->
<testsuite hostname="DESKTOP-RE3DM9I" failures="0" tests="2" name="testcases.AddFamilyMember" time="262.996" errors="0" timestamp="2021-03-19T14:56:58 IST" skipped="1">
  <testcase classname="testcases.AddFamilyMember" name="AddProfilePic" time="262.996"/>
  <system-out/>
  <testcase classname="testcases.AddFamilyMember" name="AddFamily">
    <skipped/>
  </testcase> <!-- AddFamily -->
  <system-out/>
</testsuite> <!-- testcases.AddFamilyMember -->
