<?xml version="1.0" encoding="UTF-8"?>
<!-- Generated by org.testng.reporters.JUnitReportReporter -->
<testsuite hostname="DESKTOP-RE3DM9I" failures="0" tests="3" name="testcases.AboutDrona" time="626.148" errors="0" timestamp="2021-05-12T18:35:52 IST" skipped="0">
  <testcase classname="testcases.AboutDrona" name="VerifyAboutUs" time="192.099"/>
  <system-out/>
  <testcase classname="testcases.AboutDrona" name="VerifyTermsOfUse" time="228.511"/>
  <system-out/>
  <testcase classname="testcases.AboutDrona" name="VerifyPrivacyPolicy" time="205.538"/>
  <system-out/>
</testsuite> <!-- testcases.AboutDrona -->
