<?xml version="1.0" encoding="UTF-8"?>
<!-- Generated by org.testng.reporters.JUnitReportReporter -->
<testsuite hostname="DESKTOP-RE3DM9I" failures="0" tests="2" name="testcases.DoctorAndClinicSearch" time="232.170" errors="0" timestamp="2021-05-13T09:25:03 IST" skipped="1">
  <testcase classname="testcases.DoctorAndClinicSearch" name="VerifyClinicSearch" time="232.170"/>
  <system-out/>
  <testcase classname="testcases.DoctorAndClinicSearch" name="VerifyDoctorSearch">
    <skipped/>
  </testcase> <!-- VerifyDoctorSearch -->
  <system-out/>
</testsuite> <!-- testcases.DoctorAndClinicSearch -->
