<?xml version="1.0" encoding="UTF-8"?>
<!-- Generated by org.testng.reporters.JUnitReportReporter -->
<testsuite hostname="DESKTOP-RE3DM9I" failures="0" tests="2" name="testcases.Onboarding" time="186.338" errors="0" timestamp="2021-04-12T17:55:40 IST" skipped="0">
  <testcase classname="testcases.Onboarding" name="VerifySkipButton" time="89.126"/>
  <system-out/>
  <testcase classname="testcases.Onboarding" name="VerifyNextButton" time="97.212"/>
  <system-out/>
</testsuite> <!-- testcases.Onboarding -->
