<?xml version="1.0" encoding="UTF-8"?>
<!-- Generated by org.testng.reporters.JUnitReportReporter -->
<testsuite hostname="DESKTOP-RE3DM9I" failures="0" tests="1" name="testcases.Notification" time="184.456" errors="0" timestamp="2021-05-13T16:36:40 IST" skipped="0">
  <testcase classname="testcases.Notification" name="ClickOnNotification" time="184.456"/>
  <system-out/>
</testsuite> <!-- testcases.Notification -->
