<?xml version="1.0" encoding="UTF-8"?>
<!-- Generated by org.testng.reporters.JUnitReportReporter -->
<testsuite hostname="DESKTOP-RE3DM9I" failures="0" tests="1" name="testcases.Notification" time="173.551" errors="0" timestamp="2021-04-15T11:46:45 IST" skipped="0">
  <testcase classname="testcases.Notification" name="ClickOnNotification" time="173.551"/>
  <system-out/>
</testsuite> <!-- testcases.Notification -->
