<?xml version="1.0" encoding="UTF-8"?>
<!-- Generated by org.testng.reporters.JUnitReportReporter -->
<testsuite hostname="DESKTOP-RE3DM9I" failures="0" tests="2" name="testcases.ShareDoctorProfile" time="539.185" errors="0" timestamp="2021-05-14T20:33:40 IST" skipped="0">
  <testcase classname="testcases.ShareDoctorProfile" name="ShareDoctorProfileTest" time="242.072"/>
  <system-out/>
  <testcase classname="testcases.ShareDoctorProfile" name="ShareDoctorProfileInClinicTest" time="297.113"/>
  <system-out/>
</testsuite> <!-- testcases.ShareDoctorProfile -->
