<?xml version="1.0" encoding="UTF-8"?>
<!-- Generated by org.testng.reporters.JUnitReportReporter -->
<testsuite hostname="DESKTOP-RE3DM9I" failures="0" tests="2" name="testcases.Location" time="393.337" errors="0" timestamp="2021-04-15T11:54:25 IST" skipped="0">
  <testcase classname="testcases.Location" name="SetCurrentLocation" time="184.808"/>
  <system-out/>
  <testcase classname="testcases.Location" name="SetManualLocation" time="208.529"/>
  <system-out/>
</testsuite> <!-- testcases.Location -->
