<?xml version="1.0" encoding="UTF-8"?>
<!-- Generated by org.testng.reporters.JUnitReportReporter -->
<testsuite hostname="DESKTOP-RE3DM9I" failures="0" tests="2" name="testcases.Onboarding" time="178.701" errors="0" timestamp="2021-05-13T16:40:56 IST" skipped="0">
  <testcase classname="testcases.Onboarding" name="VerifySkipButton" time="85.802"/>
  <system-out/>
  <testcase classname="testcases.Onboarding" name="VerifyNextButton" time="92.899"/>
  <system-out/>
</testsuite> <!-- testcases.Onboarding -->
