<?xml version="1.0" encoding="UTF-8"?>
<!-- Generated by org.testng.reporters.JUnitReportReporter -->
<testsuite hostname="DESKTOP-RE3DM9I" failures="0" tests="2" name="testcases.Records" time="468.878" errors="0" timestamp="2021-03-19T19:45:54 IST" skipped="0">
  <testcase classname="testcases.Records" name="AddPrescription" time="236.476"/>
  <system-out/>
  <testcase classname="testcases.Records" name="AddLabReport" time="232.402"/>
  <system-out/>
</testsuite> <!-- testcases.Records -->
