<?xml version="1.0" encoding="UTF-8"?>
<!-- Generated by org.testng.reporters.JUnitReportReporter -->
<testsuite hostname="DESKTOP-RE3DM9I" failures="0" tests="2" name="testcases.Location" time="357.287" errors="0" timestamp="2021-05-13T15:54:51 IST" skipped="0">
  <testcase classname="testcases.Location" name="SetCurrentLocation" time="169.976"/>
  <system-out/>
  <testcase classname="testcases.Location" name="SetManualLocation" time="187.311"/>
  <system-out/>
</testsuite> <!-- testcases.Location -->
