<?xml version="1.0" encoding="UTF-8"?>
<!-- Generated by org.testng.reporters.JUnitReportReporter -->
<testsuite hostname="DESKTOP-RE3DM9I" failures="0" tests="1" name="testcases.Notification" time="174.294" errors="0" timestamp="2021-04-12T17:55:40 IST" skipped="0">
  <testcase classname="testcases.Notification" name="ClickOnNotification" time="174.294"/>
  <system-out/>
</testsuite> <!-- testcases.Notification -->
