<?xml version="1.0" encoding="UTF-8"?>
<!-- Generated by org.testng.reporters.JUnitReportReporter -->
<testsuite hostname="DESKTOP-RE3DM9I" failures="0" tests="2" name="testcases.Records" time="451.855" errors="0" timestamp="2021-02-22T18:03:45 IST" skipped="0">
  <testcase classname="testcases.Records" name="AddPrescription" time="227.344"/>
  <system-out/>
  <testcase classname="testcases.Records" name="AddLabReports" time="224.511"/>
  <system-out/>
</testsuite> <!-- testcases.Records -->
