<?xml version="1.0" encoding="UTF-8"?>
<!-- Generated by org.testng.reporters.JUnitReportReporter -->
<testsuite hostname="DESKTOP-RE3DM9I" failures="0" tests="1" name="testcases.AddFamilyMember" time="185.336" errors="0" timestamp="2021-02-22T10:00:15 IST" skipped="0">
  <testcase classname="testcases.AddFamilyMember" name="AddFamily" time="185.336"/>
  <system-out/>
</testsuite> <!-- testcases.AddFamilyMember -->
