<?xml version="1.0" encoding="UTF-8"?>
<!-- Generated by org.testng.reporters.JUnitReportReporter -->
<testsuite hostname="DESKTOP-RE3DM9I" failures="0" tests="1" name="testcases.VerifyPatientEmail" time="206.358" errors="0" timestamp="2021-04-23T10:00:11 IST" skipped="0">
  <testcase classname="testcases.VerifyPatientEmail" name="ResendVerificationEmail" time="206.358"/>
  <system-out/>
</testsuite> <!-- testcases.VerifyPatientEmail -->
