<?xml version="1.0" encoding="UTF-8"?>
<!-- Generated by org.testng.reporters.JUnitReportReporter -->
<testsuite hostname="DESKTOP-RE3DM9I" failures="0" tests="2" name="testcases.Location" time="376.559" errors="0" timestamp="2021-03-19T14:02:41 IST" skipped="0">
  <testcase classname="testcases.Location" name="SetCurrentLocation" time="174.688"/>
  <system-out/>
  <testcase classname="testcases.Location" name="SetManualLocation" time="201.871"/>
  <system-out/>
</testsuite> <!-- testcases.Location -->
