<?xml version="1.0" encoding="UTF-8"?>
<!-- Generated by org.testng.reporters.JUnitReportReporter -->
<testsuite hostname="DESKTOP-RE3DM9I" failures="0" tests="1" name="testcases.TermsAndCondition" time="114.228" errors="0" timestamp="2021-03-19T14:02:41 IST" skipped="0">
  <testcase classname="testcases.TermsAndCondition" name="VerifyTermsAndConditionLink" time="114.228"/>
  <system-out/>
</testsuite> <!-- testcases.TermsAndCondition -->
