<?xml version="1.0" encoding="UTF-8"?>
<!-- Generated by org.testng.reporters.JUnitReportReporter -->
<testsuite hostname="DESKTOP-RE3DM9I" failures="0" tests="2" name="testcases.BookAnAppointment" time="519.400" errors="0" timestamp="2021-05-12T18:54:28 IST" skipped="0">
  <testcase classname="testcases.BookAnAppointment" name="BookInClinicAppointment" time="240.317"/>
  <system-out/>
  <testcase classname="testcases.BookAnAppointment" name="BookVideoConsultation" time="279.083"/>
  <system-out/>
</testsuite> <!-- testcases.BookAnAppointment -->
