<?xml version="1.0" encoding="UTF-8"?>
<!-- Generated by org.testng.reporters.JUnitReportReporter -->
<testsuite hostname="DESKTOP-RE3DM9I" failures="0" tests="3" name="testcases.HelpAndSupport" time="605.611" errors="0" timestamp="2021-05-13T15:47:34 IST" skipped="0">
  <testcase classname="testcases.HelpAndSupport" name="HelpAndSupportSearching" time="214.906"/>
  <system-out/>
  <testcase classname="testcases.HelpAndSupport" name="HelpAndSupportCall" time="185.220"/>
  <system-out/>
  <testcase classname="testcases.HelpAndSupport" name="HelpAndSupportEmail" time="205.485"/>
  <system-out/>
</testsuite> <!-- testcases.HelpAndSupport -->
