<?xml version="1.0" encoding="UTF-8"?>
<!-- Generated by org.testng.reporters.JUnitReportReporter -->
<testsuite hostname="DESKTOP-RE3DM9I" failures="0" tests="2" name="testcases.Records" time="590.669" errors="0" timestamp="2021-04-15T11:28:38 IST" skipped="0">
  <testcase classname="testcases.Records" name="AddPrescription" time="302.099"/>
  <system-out/>
  <testcase classname="testcases.Records" name="AddLabReport" time="288.570"/>
  <system-out/>
</testsuite> <!-- testcases.Records -->
