<?xml version="1.0" encoding="UTF-8"?>
<!-- Generated by org.testng.reporters.JUnitReportReporter -->
<testsuite hostname="DESKTOP-RE3DM9I" failures="0" tests="2" name="testcases.FamilyMemberAndProfilePic" time="313.338" errors="0" timestamp="2021-05-13T15:24:18 IST" skipped="1">
  <testcase classname="testcases.FamilyMemberAndProfilePic" name="AddProfilePic" time="313.338"/>
  <system-out/>
  <testcase classname="testcases.FamilyMemberAndProfilePic" name="AddFamily">
    <skipped/>
  </testcase> <!-- AddFamily -->
  <system-out/>
</testsuite> <!-- testcases.FamilyMemberAndProfilePic -->
