<?xml version="1.0" encoding="UTF-8"?>
<!-- Generated by org.testng.reporters.JUnitReportReporter -->
<testsuite hostname="DESKTOP-RE3DM9I" failures="0" tests="4" name="testcases.CancelAndRescheduleAppointment" time="334.357" errors="0" timestamp="2021-05-12T20:01:07 IST" skipped="3">
  <testcase classname="testcases.CancelAndRescheduleAppointment" name="RescheduleInClinicAppointment" time="334.357"/>
  <system-out/>
  <testcase classname="testcases.CancelAndRescheduleAppointment" name="CancelInClinicAppointment">
    <skipped/>
  </testcase> <!-- CancelInClinicAppointment -->
  <system-out/>
  <testcase classname="testcases.CancelAndRescheduleAppointment" name="RescheduleVideoConsultation">
    <skipped/>
  </testcase> <!-- RescheduleVideoConsultation -->
  <system-out/>
  <testcase classname="testcases.CancelAndRescheduleAppointment" name="CancelVideoConsultation">
    <skipped/>
  </testcase> <!-- CancelVideoConsultation -->
  <system-out/>
</testsuite> <!-- testcases.CancelAndRescheduleAppointment -->
