<?xml version="1.0" encoding="UTF-8"?>
<!-- Generated by org.testng.reporters.JUnitReportReporter -->
<testsuite hostname="DESKTOP-RE3DM9I" failures="0" tests="2" name="testcases.DoctorAndClinicSearch" time="211.144" errors="0" timestamp="2021-03-22T17:12:43 IST" skipped="1">
  <testcase classname="testcases.DoctorAndClinicSearch" name="VerifyClinicSearch" time="211.144"/>
  <system-out/>
  <testcase classname="testcases.DoctorAndClinicSearch" name="VerifyDoctorSearch">
    <skipped/>
  </testcase> <!-- VerifyDoctorSearch -->
  <system-out/>
</testsuite> <!-- testcases.DoctorAndClinicSearch -->
